pAC[axis_idx]^.addr^.StateLR_Data.D_ActiveRev;DINT;0
pAC[axis_idx]^.addr^.StateLR_Data.D_CurrentRev;DINT;0
pAC[axis_idx]^.addr^.StateLR_Data.D_CmdRev;DINT;0
pAC[axis_idx]^.addr^.StateIpo_Data.HLIAxeDispData_Spindle.D_CmdPosition;DINT;0
pAC[axis_idx]^.addr^.StateIpo_Data.HLIAxeDispData_Spindle.D_ActPosition;DINT;0
pAC[axis_idx]^.addr^.StateIpo_Data.HLIAxeDispData_Spindle.D_Mode;UDINT;0
pAC[axis_idx]^.addr^.StateLR_Data.X_RevControlActiv;BOOL;0
pAC[axis_idx]^.addr^.StateLR_Data.X_RevReached;BOOL;0
pAC[axis_idx]^.addr^.StateLR_Data.X_RevZero;BOOL;0
pAC[axis_idx]^.addr^.StateLR_Data.X_RevControlInvalid;BOOL;0
pAC[axis_idx]^.addr^.StateIpo_Data.HLIAxeDispData_Spindle.D_DistToGo;DINT;0
pAC[axis_idx]^.addr^.StateIpo_Data.X_spindle_order_error_r;BOOL;0
pAC[axis_idx]^.addr^.McControlIpo_Data.MCControlBoolUnit_SpdlStopAtProgEnd.X_Command;BOOL;0
pAC[axis_idx]^.addr^.McControlIpo_Data.MCControlBoolUnit_SpdlStopAtProgEnd.X_State;BOOL;0
pAC[axis_idx]^.addr^.McControlIpo_Data.MCControlBoolUnit_SpdlStopAtProgEnd.X_Enable;BOOL;0
pAC[axis_idx]^.addr^.McControlIpo_Data.MCControlBoolUnit_SpdlReset.X_Command;BOOL;0
pAC[axis_idx]^.addr^.McControlIpo_Data.MCControlBoolUnit_SpdlReset.X_State;BOOL;0
pAC[axis_idx]^.addr^.McControlIpo_Data.MCControlBoolUnit_SpdlReset.X_Enable;BOOL;0
pAC[axis_idx]^.addr^.McControlIpo_Data.MCControlBoolUnit_SpdlError.X_Command;BOOL;0
pAC[axis_idx]^.addr^.McControlIpo_Data.MCControlBoolUnit_SpdlError.X_State;BOOL;0
pAC[axis_idx]^.addr^.McControlIpo_Data.MCControlBoolUnit_SpdlError.X_Enable;BOOL;0
pAC[axis_idx]^.addr^.McControlIpo_Data.MCControlBoolUnit_EmergencyStop.X_Command;BOOL;0
pAC[axis_idx]^.addr^.McControlIpo_Data.MCControlBoolUnit_EmergencyStop.X_State;BOOL;0
pAC[axis_idx]^.addr^.McControlIpo_Data.MCControlBoolUnit_EmergencyStop.X_Enable;BOOL;0