pAC[axis_idx]^.addr^.McControlLr_Data.MCControlBoolUnit_ReleaseFeedhold.X_Command;BOOL;0
pAC[axis_idx]^.addr^.McControlLr_Data.MCControlBoolUnit_ReleaseFeedhold.X_State;BOOL;0
pAC[axis_idx]^.addr^.McControlLr_Data.MCControlBoolUnit_ReleaseFeedhold.X_Enable;BOOL;0
pAC[axis_idx]^.addr^.McControlIpo_Data.MCControlBoolUnit_Feedhold.X_Command;BOOL;0
pAC[axis_idx]^.addr^.McControlIpo_Data.MCControlBoolUnit_Feedhold.X_State;BOOL;0
pAC[axis_idx]^.addr^.McControlIpo_Data.MCControlBoolUnit_Feedhold.X_Enable;BOOL;0
pAC[axis_idx]^.addr^.McControlIpo_Data.MCControlUNS16Unit_Override.D_Command;UINT;0
pAC[axis_idx]^.addr^.McControlIpo_Data.MCControlUNS16Unit_Override.D_State;UINT;0
pAC[axis_idx]^.addr^.McControlIpo_Data.MCControlUNS16Unit_Override.X_Enable;BOOL;0
pAC[axis_idx]^.addr^.McControlIpo_Data.MCControlBoolUnit_OverrideValid.X_Command;BOOL;0
pAC[axis_idx]^.addr^.McControlIpo_Data.MCControlBoolUnit_OverrideValid.X_State;BOOL;0
pAC[axis_idx]^.addr^.McControlIpo_Data.MCControlBoolUnit_OverrideValid.X_Enable;BOOL;0
pAC[axis_idx]^.addr^.McControlLr_Data.MCControlBoolUnit_DriveOn.X_Command;BOOL;0
pAC[axis_idx]^.addr^.McControlLr_Data.MCControlBoolUnit_DriveOn.X_State;BOOL;0
pAC[axis_idx]^.addr^.McControlLr_Data.MCControlBoolUnit_DriveOn.X_Enable;BOOL;0
pAC[axis_idx]^.addr^.McControlLr_Data.MCControlBoolUnit_TorquePermission.X_Command;BOOL;0
pAC[axis_idx]^.addr^.McControlLr_Data.MCControlBoolUnit_TorquePermission.X_State;BOOL;0
pAC[axis_idx]^.addr^.McControlLr_Data.MCControlBoolUnit_TorquePermission.X_Enable;BOOL;0
pAC[axis_idx]^.addr^.McControlLr_Data.MCControlBoolUnit_ReferenceCam.X_Command;BOOL;0
pAC[axis_idx]^.addr^.McControlLr_Data.MCControlBoolUnit_ReferenceCam.X_State;BOOL;0
pAC[axis_idx]^.addr^.McControlLr_Data.MCControlBoolUnit_ReferenceCam.X_Enable;BOOL;0
pAC[axis_idx]^.addr^.MCControlIpo_Data.MCControlBoolUnit_ReducedFeed.X_Command;BOOL;0
pAC[axis_idx]^.addr^.MCControlIpo_Data.MCControlBoolUnit_ReducedFeed.X_State;BOOL;0
pAC[axis_idx]^.addr^.MCControlIpo_Data.MCControlBoolUnit_ReducedFeed.X_Enable;BOOL;0
pAC[axis_idx]^.addr^.MCControlIpo_Data.MCControlBoolUnit_ReducedFeedZone.X_Command;BOOL;0
pAC[axis_idx]^.addr^.MCControlIpo_Data.MCControlBoolUnit_ReducedFeedZone.X_State;BOOL;0
pAC[axis_idx]^.addr^.MCControlIpo_Data.MCControlBoolUnit_ReducedFeedZone.X_Enable;BOOL;0
pAC[axis_idx]^.addr^.MCControlIpo_Data.MCControlBoolUnit_ReducedFeedZone2.X_Command;BOOL;0
pAC[axis_idx]^.addr^.MCControlIpo_Data.MCControlBoolUnit_ReducedFeedZone2.X_State;BOOL;0
pAC[axis_idx]^.addr^.MCControlIpo_Data.MCControlBoolUnit_ReducedFeedZone2.X_Enable;BOOL;0
pAC[axis_idx]^.addr^.McControlIpo_Data.MCControlBoolUnit_NoEfg.X_Command;BOOL;0
pAC[axis_idx]^.addr^.McControlIpo_Data.MCControlBoolUnit_NoEfg.X_Command;BOOL;0
pAC[axis_idx]^.addr^.McControlIpo_Data.MCControlBoolUnit_NoEfg.X_Enable;BOOL;0
pAC[axis_idx]^.addr^.McControlIpo_Data.MCControlBoolUnit_MachiningSimu.X_Command;BOOL;0
pAC[axis_idx]^.addr^.McControlIpo_Data.MCControlBoolUnit_MachiningSimu.X_State;BOOL;0
pAC[axis_idx]^.addr^.McControlIpo_Data.MCControlBoolUnit_MachiningSimu.X_Enable;BOOL;0
pAC[axis_idx]^.addr^.McControlIpo_Data.MCControlBoolUnit_IgnoreVbMinTool.X_Command;BOOL;0
pAC[axis_idx]^.addr^.McControlIpo_Data.MCControlBoolUnit_IgnoreVbMinTool.X_State;BOOL;0
pAC[axis_idx]^.addr^.McControlIpo_Data.MCControlBoolUnit_IgnoreVbMinTool.X_Enable;BOOL;0
pAC[axis_idx]^.addr^.McControlIpo_Data.MCControlSGN32Unit_OTCOffset.D_Command;DINT;0
pAC[axis_idx]^.addr^.McControlIpo_Data.MCControlSGN32Unit_OTCOffset.D_Sate;DINT;0
pAC[axis_idx]^.addr^.McControlIpo_Data.MCControlSGN32Unit_OTCOffset.X_Enable;BOOL;0
pAC[axis_idx]^.addr^.McControlLr_Data.MCControlBoolUnit_FollowUp.X_Command;BOOL;0
pAC[axis_idx]^.addr^.McControlLr_Data.MCControlBoolUnit_FollowUp.X_State;BOOL;0
pAC[axis_idx]^.addr^.McControlLr_Data.MCControlBoolUnit_FollowUp.X_Enable;BOOL;0
pAC[axis_idx]^.addr^.McControlLr_Data.MCControlBoolUnit_GantryOn.X_Command;BOOL;0
pAC[axis_idx]^.addr^.McControlLr_Data.MCControlBoolUnit_GantryOn.X_State;BOOL;0
pAC[axis_idx]^.addr^.McControlLr_Data.MCControlBoolUnit_GantryOn.X_Enable;BOOL;0
pAC[axis_idx]^.addr^.McControlLr_Data.MCControlBoolUnit_SetReferencePosition.X_Command;BOOL;0
pAC[axis_idx]^.addr^.McControlLr_Data.MCControlBoolUnit_SetReferencePosition.X_State;BOOL;0
pAC[axis_idx]^.addr^.McControlLr_Data.MCControlBoolUnit_SetReferencePosition.X_Enable;BOOL;0
pAC[axis_idx]^.addr^.McControlLr_Data.MCControlSGN32Unit_ReferencePosition.D_Command;DINT;0
pAC[axis_idx]^.addr^.McControlLr_Data.MCControlSGN32Unit_ReferencePosition.D_State;DINT;0
pAC[axis_idx]^.addr^.McControlLr_Data.MCControlSGN32Unit_ReferencePosition.X_Enable;BOOL;0
pAC[axis_idx]^.addr^.McControlLr_Data.MCControlBoolUnit_ClearReferencePosition.X_Command;BOOL;0
pAC[axis_idx]^.addr^.McControlLr_Data.MCControlBoolUnit_ClearReferencePosition.X_State;BOOL;0
pAC[axis_idx]^.addr^.McControlLr_Data.MCControlBoolUnit_ClearReferencePosition.X_Enable;BOOL;0
pAC[axis_idx]^.addr^.McControlLr_Data.MCControlBoolUnit_ProbingSignal.X_Command;BOOL;0
pAC[axis_idx]^.addr^.McControlLr_Data.MCControlBoolUnit_ProbingSignal.X_State;BOOL;0
pAC[axis_idx]^.addr^.McControlLr_Data.MCControlBoolUnit_ProbingSignal.X_Enable;BOOL;0
pAC[axis_idx]^.addr^.McControlLr_Data.MCControlSGN32Unit_ProbingPosition.D_Command;DINT;0
pAC[axis_idx]^.addr^.McControlLr_Data.MCControlSGN32Unit_ProbingPosition.D_State;DINT;0
pAC[axis_idx]^.addr^.McControlLr_Data.MCControlSGN32Unit_ProbingPosition.X_Enable;BOOL;0
pAC[axis_idx]^.addr^.McControlLr_Data.MCControlBoolUnit_DeactivateAxis.X_Command;BOOL;0
pAC[axis_idx]^.addr^.McControlLr_Data.MCControlBoolUnit_DeactivateAxis.X_State;BOOL;0
pAC[axis_idx]^.addr^.McControlLr_Data.MCControlBoolUnit_DeactivateAxis.X_Enable;BOOL;0
