gpAx[axis_idx]^.lr_state.active_rev_r;DINT;0
gpAx[axis_idx]^.lr_state.current_rev_r;DINT;0
gpAx[axis_idx]^.lr_state.cmd_rev_r;DINT;0
gpAx[axis_idx]^.ipo_state.spindle.cmd_position_r;DINT;0
gpAx[axis_idx]^.ipo_state.spindle.act_position_r;DINT;0
gpAx[axis_idx]^.lr_state.rev_control_aktiv_r;BOOL;0
gpAx[axis_idx]^.lr_state.rev_erreicht_r;BOOL;0
gpAx[axis_idx]^.lr_state.rev_null_r;BOOL;0
gpAx[axis_idx]^.lr_state.rev_control_invalid_r;BOOL;0
gpAx[axis_idx]^.ipo_state.spindle.dist_to_go_r;BOOL;0
gpAx[axis_idx]^.ipo_state.spindle_order_error_r;BOOL;0
gpAx[axis_idx]^.ipo_mc_control.spdl_stop_at_prog_end.enable_w;BOOL;0
gpAx[axis_idx]^.ipo_mc_control.spdl_stop_at_prog_end.command_w;BOOL;0
gpAx[axis_idx]^.ipo_mc_control.spdl_stop_at_prog_end.state_r;BOOL;0
gpAx[axis_idx]^.ipo_mc_control.spdl_reset.enable_w;BOOL;0
gpAx[axis_idx]^.ipo_mc_control.spdl_reset.command_w;BOOL;0
gpAx[axis_idx]^.ipo_mc_control.spdl_reset.state_r;BOOL;0
gpAx[axis_idx]^.ipo_mc_control.spdl_error.enable_w;BOOL;0
gpAx[axis_idx]^.ipo_mc_control.spdl_error.command_w;BOOL;0
gpAx[axis_idx]^.ipo_mc_control.spdl_error.state_r;BOOL;0
gpAx[axis_idx]^.ipo_mc_control.emergency_stop.enable_w;BOOL;0
gpAx[axis_idx]^.ipo_mc_control.emergency_stop.command_w;BOOL;0
gpAx[axis_idx]^.ipo_mc_control.emergency_stop.state_r;BOOL;0


