gpAx[axis_idx]^.ipo_mc_control.feedhold.enable_w;BOOL;0
gpAx[axis_idx]^.ipo_mc_control.feedhold.command_w;BOOL;0
gpAx[axis_idx]^.ipo_mc_control.feedhold.state_r;BOOL;0
gpAx[axis_idx]^.ipo_mc_control.override.enable_w;BOOL;0
gpAx[axis_idx]^.ipo_mc_control.override.command_w;UINT;0
gpAx[axis_idx]^.ipo_mc_control.override.state_r;UINT;0
gpAx[axis_idx]^.lr_mc_control.drive_on.enable_w;BOOL;0
gpAx[axis_idx]^.lr_mc_control.drive_on.command_w;BOOL;0
gpAx[axis_idx]^.lr_mc_control.drive_on.state_r;BOOL;0
gpAx[axis_idx]^.lr_mc_control.torque_permission.enable_w;BOOL;0
gpAx[axis_idx]^.lr_mc_control.torque_permission.command_w;BOOL;0
gpAx[axis_idx]^.lr_mc_control.torque_permission.state_r;BOOL;0
gpAx[axis_idx]^.lr_mc_control.reference_cam.enable_w;BOOL;0
gpAx[axis_idx]^.lr_mc_control.reference_cam.command_w;BOOL;0
gpAx[axis_idx]^.lr_mc_control.reference_cam.state_r;BOOL;0
gpAx[axis_idx]^.ipo_mc_control.reduced_speed.enable_w;BOOL;0
gpAx[axis_idx]^.ipo_mc_control.reduced_speed.command_w;BOOL;0
gpAx[axis_idx]^.ipo_mc_control.reduced_speed.state_r;BOOL;0
gpAx[axis_idx]^.ipo_mc_control.reduced_speed_zone.enable_w;BOOL;0
gpAx[axis_idx]^.ipo_mc_control.reduced_speed_zone.command_w;BOOL;0
gpAx[axis_idx]^.ipo_mc_control.reduced_speed_zone.state_r;BOOL;0
gpAx[axis_idx]^.ipo_mc_control.reduced_speed_2_zone.enable_w;BOOL;0
gpAx[axis_idx]^.ipo_mc_control.reduced_speed_2_zone.command_w;BOOL;0
gpAx[axis_idx]^.ipo_mc_control.reduced_speed_2_zone.state_r;BOOL;0
gpAx[axis_idx]^.ipo_mc_control.machining_simulation.enable_w;BOOL;0
gpAx[axis_idx]^.ipo_mc_control.machining_simulation.command_w;BOOL;0
gpAx[axis_idx]^.ipo_mc_control.machining_simulation.state_r;BOOL;0
gpAx[axis_idx]^.ipo_mc_control.otc_offset.enable_w;BOOL;0
gpAx[axis_idx]^.ipo_mc_control.otc_offset.command_w;DINT;0
gpAx[axis_idx]^.ipo_mc_control.otc_offset.state_r;DINT;0
gpAx[axis_idx]^.lr_mc_control.follow_up.enable_w;BOOL;0
gpAx[axis_idx]^.lr_mc_control.follow_up.command_w;BOOL;0
gpAx[axis_idx]^.lr_mc_control.follow_up.state_r;BOOL;0
gpAx[axis_idx]^.lr_mc_control.gantry_on.enable_w;BOOL;0
gpAx[axis_idx]^.lr_mc_control.gantry_on.command_w;BOOL;0
gpAx[axis_idx]^.lr_mc_control.gantry_on.state_r;BOOL;0
gpAx[axis_idx]^.lr_mc_control.set_reference_position.enable_w;BOOL;0
gpAx[axis_idx]^.lr_mc_control.set_reference_position.command_w;BOOL;0
gpAx[axis_idx]^.lr_mc_control.set_reference_position.state_r;BOOL;0
gpAx[axis_idx]^.lr_mc_control.refpos_position.enable_w;BOOL;0
gpAx[axis_idx]^.lr_mc_control.refpos_position.command_w;DINT;0
gpAx[axis_idx]^.lr_mc_control.refpos_position.state_r;DINT;0
gpAx[axis_idx]^.lr_mc_control.clear_reference_position.enable_w;BOOL;0
gpAx[axis_idx]^.lr_mc_control.clear_reference_position.command_w;BOOL;0
gpAx[axis_idx]^.lr_mc_control.clear_reference_position.state_r;BOOL;0
gpAx[axis_idx]^.lr_mc_control.probing_signal.enable_w;BOOL;0
gpAx[axis_idx]^.lr_mc_control.probing_signal.command_w;BOOL;0
gpAx[axis_idx]^.lr_mc_control.probing_signal.state_r;BOOL;0
gpAx[axis_idx]^.lr_mc_control.probing_position.enable_w;BOOL;0
gpAx[axis_idx]^.lr_mc_control.probing_position.command_w;DINT;0
gpAx[axis_idx]^.lr_mc_control.probing_position.state_r;DINT;0


