gpCh[channel_idx]^.decoder_mc_control.program_block_ignore.enable_w;BOOL;0
gpCh[channel_idx]^.decoder_mc_control.program_block_ignore.command_w;BOOL;0
gpCh[channel_idx]^.decoder_mc_control.program_block_ignore.state_r;BOOL;0
gpCh[channel_idx]^.decoder_mc_control.execution_mode.enable_w;BOOL;0
gpCh[channel_idx]^.decoder_mc_control.execution_mode.command_w;DINT;0
gpCh[channel_idx]^.decoder_mc_control.execution_mode.state_r;DINT;0
gpCh[channel_idx]^.decoder_mc_control.clamp_position.enable_w;BOOL;0
gpCh[channel_idx]^.decoder_mc_control.clamp_position.command_w;INT;0
gpCh[channel_idx]^.decoder_mc_control.clamp_position.state_r;INT;0
gpCh[channel_idx]^.bahn_mc_control.feedhold.enable_w;BOOL;0
gpCh[channel_idx]^.bahn_mc_control.feedhold.command_w;BOOL;0
gpCh[channel_idx]^.bahn_mc_control.feedhold.state_r;BOOL;0
gpCh[channel_idx]^.bahn_mc_control.e_feedhold.enable_w;BOOL;0
gpCh[channel_idx]^.bahn_mc_control.e_feedhold.command_w;BOOL;0
gpCh[channel_idx]^.bahn_mc_control.e_feedhold.state_r;BOOL;0
gpCh[channel_idx]^.bahn_mc_control.emergency_stop.enable_w;BOOL;0
gpCh[channel_idx]^.bahn_mc_control.emergency_stop.command_w;BOOL;0
gpCh[channel_idx]^.bahn_mc_control.emergency_stop.state_r;BOOL;0
gpCh[channel_idx]^.bahn_mc_control.single_block.enable_w;BOOL;0
gpCh[channel_idx]^.bahn_mc_control.single_block.command_w;BOOL;0
gpCh[channel_idx]^.bahn_mc_control.single_block.state_r;BOOL;0
gpCh[channel_idx]^.bahn_mc_control.m01_stop_enable.enable_w;BOOL;0
gpCh[channel_idx]^.bahn_mc_control.m01_stop_enable.command_w;BOOL;0
gpCh[channel_idx]^.bahn_mc_control.m01_stop_enable.state_r;BOOL;0
gpCh[channel_idx]^.bahn_mc_control.continue_motion.enable_w;BOOL;0
gpCh[channel_idx]^.bahn_mc_control.continue_motion.command_w;BOOL;0
gpCh[channel_idx]^.bahn_mc_control.continue_motion.state_r;BOOL;0
gpCh[channel_idx]^.bahn_mc_control.machining_simulation.enable_w;BOOL;0
gpCh[channel_idx]^.bahn_mc_control.machining_simulation.command_w;BOOL;0
gpCh[channel_idx]^.bahn_mc_control.machining_simulation.state_r;BOOL;0
gpCh[channel_idx]^.bahn_mc_control.override_feedrate.enable_w;BOOL;0
gpCh[channel_idx]^.bahn_mc_control.override_feedrate.command_w;UINT;0
gpCh[channel_idx]^.bahn_mc_control.override_feedrate.state_r;UINT;0
gpCh[channel_idx]^.bahn_mc_control.override_rapid_move.enable_w;BOOL;0
gpCh[channel_idx]^.bahn_mc_control.override_rapid_move.command_w;UINT;0
gpCh[channel_idx]^.bahn_mc_control.override_rapid_move.state_r;UINT;0
gpCh[channel_idx]^.bahn_mc_control.suspend_axis_output.enable_w;BOOL;0
gpCh[channel_idx]^.bahn_mc_control.suspend_axis_output.command_w;BOOL;0
gpCh[channel_idx]^.bahn_mc_control.suspend_axis_output.state_r;BOOL;0
gpCh[channel_idx]^.bahn_mc_control.ext_command_speed.enable_w;BOOL;0
gpCh[channel_idx]^.bahn_mc_control.ext_command_speed.command_w;UDINT;0
gpCh[channel_idx]^.bahn_mc_control.ext_command_speed.state_r;UDINT;0
gpCh[channel_idx]^.bahn_mc_control.input_disable.enable_w;BOOL;0
gpCh[channel_idx]^.bahn_mc_control.input_disable.command_w;BOOL;0
gpCh[channel_idx]^.bahn_mc_control.input_disable.state_r;BOOL;0
gpCh[channel_idx]^.bahn_mc_control.reduced_speed.enable_w;BOOL;0
gpCh[channel_idx]^.bahn_mc_control.reduced_speed.command_w;BOOL;0
gpCh[channel_idx]^.bahn_mc_control.reduced_speed.state_r;BOOL;0
gpCh[channel_idx]^.bahn_mc_control.reduced_speed_zone.enable_w;BOOL;0
gpCh[channel_idx]^.bahn_mc_control.reduced_speed_zone.command_w;BOOL;0
gpCh[channel_idx]^.bahn_mc_control.reduced_speed_zone.state_r;BOOL;0
gpCh[channel_idx]^.bahn_mc_control.reduced_speed_2_zone.enable_w;BOOL;0
gpCh[channel_idx]^.bahn_mc_control.reduced_speed_2_zone.command_w;BOOL;0
gpCh[channel_idx]^.bahn_mc_control.reduced_speed_2_zone.state_r;BOOL;0
gpCh[channel_idx]^.bahn_mc_control.command_t_ovrd.enable_w;BOOL;0
gpCh[channel_idx]^.bahn_mc_control.command_t_ovrd.command_w;UINT;0
gpCh[channel_idx]^.bahn_mc_control.command_t_ovrd.state_r;UINT;0
gpCh[channel_idx]^.bahn_mc_control.otc_radius_offset.enable_w;BOOL;0
gpCh[channel_idx]^.bahn_mc_control.otc_radius_offset.command_w;DINT;0
gpCh[channel_idx]^.bahn_mc_control.otc_radius_offset.state_r;DINT;0
