gpCh[channel_idx]^.bahn_state.covered_distance_r;DINT;0
gpCh[channel_idx]^.bahn_state.dist_prog_start_high;UDINT;0
gpCh[channel_idx]^.bahn_state.dist_prog_start_low;UDINT;0
gpCh[channel_idx]^.bahn_state.block_count_r;UDINT;0
gpCh[channel_idx]^.bahn_state.block_nr_r;UDINT;0
gpCh[channel_idx]^.bahn_state.command_feed_r;DINT;0
gpCh[channel_idx]^.bahn_state.command_feed_active_r;DINT;0
gpCh[channel_idx]^.bahn_state.active_feed_r;DINT;0
gpCh[channel_idx]^.bahn_state.program_end_r;BOOL;0
gpCh[channel_idx]^.decoder_state.program_end_r;BOOL;0
gpCh[channel_idx]^.bahn_state.interpolation_active_r;BOOL;0
gpCh[channel_idx]^.bahn_state.wait_techno_acknowledge_r;BOOL;0
gpCh[channel_idx]^.bahn_state.wait_continue_r;BOOL;0
gpCh[channel_idx]^.bahn_state.dwell_time_active_r;BOOL;0
gpCh[channel_idx]^.bahn_state.axes_in_position_r;BOOL;0
gpCh[channel_idx]^.bahn_state.wait_axes_in_position_r;BOOL;0
gpCh[channel_idx]^.bavo_state.wait_for_axis_r;BOOL;0
gpCh[channel_idx]^.bahn_state.block_search_active_r;BOOL;0
gpCh[channel_idx]^.bavo_state.block_search_active_r;BOOL;0
gpCh[channel_idx]^.decoder_state.block_search_active_r;BOOL;0
gpCh[channel_idx]^.bahn_state.speed_limit_detect_r;BOOL;0
gpCh[channel_idx]^.bahn_state.edge_function_r.signal_1;BOOL;0
gpCh[channel_idx]^.bahn_state.edge_function_r.signal_2;BOOL;0
gpCh[channel_idx]^.bahn_state.edge_function_r.signal_3;BOOL;0
gpCh[channel_idx]^.bahn_state.edge_function_r.angle_end;BOOL;0
gpCh[channel_idx]^.bahn_state.block_dynamic_r.vel_end_geo;BOOL;0


