handbetrieb.default.after_g200_g201
handbetrieb.default.operation_mode
handbetrieb.default.control_element
#
handbetrieb.offsetgrenze_pos
handbetrieb.offsetgrenze_neg
#
handbetrieb.hr.aufl[0]
handbetrieb.hr.aufl[1]
handbetrieb.hr.aufl[2]
handbetrieb.hr.filter_zeit
#
handbetrieb.tipp.geschw[0]
handbetrieb.tipp.geschw[1]
handbetrieb.tipp.geschw[2]
handbetrieb.tipp.vb_eilgang
#
handbetrieb.jog.weg[0]
handbetrieb.jog.weg[1]
handbetrieb.jog.weg[2]
handbetrieb.jog.geschw[0]
handbetrieb.jog.geschw[1]
handbetrieb.jog.geschw[2]
#
handbetrieb.ipo.hb_proz_v_max
handbetrieb.ipo.hb_proz_a_max
handbetrieb.ipo.ipo_proz_v_max
handbetrieb.ipo.ipo_proz_a_max
#
handbetrieb.hb.vb_max
handbetrieb.hb.a_max
#
Ende

