getriebe[0].slope_profil.a_beschl
getriebe[0].slope_profil.a_brems
getriebe[0].slope_profil.a_grenz
getriebe[0].slope_profil.tr_beschl_zu
getriebe[0].slope_profil.tr_beschl_ab
getriebe[0].slope_profil.tr_brems_zu
getriebe[0].slope_profil.tr_brems_ab
getriebe[0].slope_profil.tr_grenz
getriebe[0].dynamik.tr_min
getriebe[0].dynamik.tr_geom
getriebe[0].lslope_profil.a_stufe_1
getriebe[0].lslope_profil.a_stufe_2
getriebe[0].lslope_profil.vb_stufe_1_2
getriebe[0].lslope_profil.a_grenz_stufe_1
getriebe[0].lslope_profil.a_grenz_stufe_2
getriebe[0].lslope_profil.vb_grenz_stufe_1_2
getriebe[0].dynamik.vb_max
getriebe[0].dynamik.a_max
getriebe[0].dynamik.a_emergency
getriebe[0].dynamik.a_trans_weight
getriebe[0].dynamik.r_trans_weight
#
Ende

